2024-09-01T16:25:45.574+09:00  INFO 11342 --- [main] fun.club.ClubApplication                 : Starting ClubApplication using Java 17.0.12 with PID 11342 (/Users/brian/Downloads/club/build/classes/java/main started by brian in /Users/brian/Downloads/club)
2024-09-01T16:25:45.578+09:00  INFO 11342 --- [main] fun.club.ClubApplication                 : No active profile set, falling back to 1 default profile: "default"
2024-09-01T16:25:46.076+09:00  INFO 11342 --- [main] .s.d.r.c.RepositoryConfigurationDelegate : Multiple Spring Data modules found, entering strict repository configuration mode
2024-09-01T16:25:46.077+09:00  INFO 11342 --- [main] .s.d.r.c.RepositoryConfigurationDelegate : Bootstrapping Spring Data JDBC repositories in DEFAULT mode.
2024-09-01T16:25:46.109+09:00  INFO 11342 --- [main] .RepositoryConfigurationExtensionSupport : Spring Data JDBC - Could not safely identify store assignment for repository candidate interface fun.club.core.admin.repository.AdminUserRepository; If you want this repository to be a JDBC repository, consider annotating your entities with one of these annotations: org.springframework.data.relational.core.mapping.Table.
2024-09-01T16:25:46.109+09:00  INFO 11342 --- [main] .RepositoryConfigurationExtensionSupport : Spring Data JDBC - Could not safely identify store assignment for repository candidate interface fun.club.core.user.repository.UserRepository; If you want this repository to be a JDBC repository, consider annotating your entities with one of these annotations: org.springframework.data.relational.core.mapping.Table.
2024-09-01T16:25:46.110+09:00  INFO 11342 --- [main] .s.d.r.c.RepositoryConfigurationDelegate : Finished Spring Data repository scanning in 29 ms. Found 0 JDBC repository interfaces.
2024-09-01T16:25:46.117+09:00  INFO 11342 --- [main] .s.d.r.c.RepositoryConfigurationDelegate : Multiple Spring Data modules found, entering strict repository configuration mode
2024-09-01T16:25:46.118+09:00  INFO 11342 --- [main] .s.d.r.c.RepositoryConfigurationDelegate : Bootstrapping Spring Data JPA repositories in DEFAULT mode.
2024-09-01T16:25:46.143+09:00  INFO 11342 --- [main] .s.d.r.c.RepositoryConfigurationDelegate : Finished Spring Data repository scanning in 23 ms. Found 2 JPA repository interfaces.
2024-09-01T16:25:46.477+09:00  INFO 11342 --- [main] o.s.b.w.embedded.tomcat.TomcatWebServer  : Tomcat initialized with port 8080 (http)
2024-09-01T16:25:46.485+09:00  INFO 11342 --- [main] o.apache.catalina.core.StandardService   : Starting service [Tomcat]
2024-09-01T16:25:46.485+09:00  INFO 11342 --- [main] o.apache.catalina.core.StandardEngine    : Starting Servlet engine: [Apache Tomcat/10.1.26]
2024-09-01T16:25:46.518+09:00  INFO 11342 --- [main] o.a.c.c.C.[Tomcat].[localhost].[/]       : Initializing Spring embedded WebApplicationContext
2024-09-01T16:25:46.519+09:00  INFO 11342 --- [main] w.s.c.ServletWebServerApplicationContext : Root WebApplicationContext: initialization completed in 916 ms
2024-09-01T16:25:46.598+09:00  INFO 11342 --- [main] o.hibernate.jpa.internal.util.LogHelper  : HHH000204: Processing PersistenceUnitInfo [name: default]
2024-09-01T16:25:46.636+09:00  INFO 11342 --- [main] org.hibernate.Version                    : HHH000412: Hibernate ORM core version 6.5.2.Final
2024-09-01T16:25:46.658+09:00  INFO 11342 --- [main] o.h.c.internal.RegionFactoryInitiator    : HHH000026: Second-level cache disabled
2024-09-01T16:25:46.878+09:00  INFO 11342 --- [main] o.s.o.j.p.SpringPersistenceUnitInfo      : No LoadTimeWeaver setup: ignoring JPA class transformer
2024-09-01T16:25:46.896+09:00  INFO 11342 --- [main] com.zaxxer.hikari.HikariDataSource       : HikariPool-1 - Starting...
2024-09-01T16:25:47.096+09:00  INFO 11342 --- [main] com.zaxxer.hikari.pool.HikariPool        : HikariPool-1 - Added connection com.mysql.cj.jdbc.ConnectionImpl@732d078d
2024-09-01T16:25:47.097+09:00  INFO 11342 --- [main] com.zaxxer.hikari.HikariDataSource       : HikariPool-1 - Start completed.
2024-09-01T16:25:47.135+09:00  WARN 11342 --- [main] org.hibernate.orm.deprecation            : HHH90000025: MySQLDialect does not need to be specified explicitly using 'hibernate.dialect' (remove the property setting and it will be selected by default)
2024-09-01T16:25:47.843+09:00  INFO 11342 --- [main] o.h.e.t.j.p.i.JtaPlatformInitiator       : HHH000489: No JTA platform available (set 'hibernate.transaction.jta.platform' to enable JTA platform integration)
2024-09-01T16:25:47.933+09:00  INFO 11342 --- [main] j.LocalContainerEntityManagerFactoryBean : Initialized JPA EntityManagerFactory for persistence unit 'default'
2024-09-01T16:25:48.246+09:00  WARN 11342 --- [main] JpaBaseConfiguration$JpaWebConfiguration : spring.jpa.open-in-view is enabled by default. Therefore, database queries may be performed during view rendering. Explicitly configure spring.jpa.open-in-view to disable this warning
2024-09-01T16:25:48.259+09:00  INFO 11342 --- [main] r$InitializeUserDetailsManagerConfigurer : Global AuthenticationManager configured with UserDetailsService bean with name loginService
2024-09-01T16:25:48.598+09:00  INFO 11342 --- [main] o.s.b.w.embedded.tomcat.TomcatWebServer  : Tomcat started on port 8080 (http) with context path '/'
2024-09-01T16:25:48.606+09:00  INFO 11342 --- [main] fun.club.ClubApplication                 : Started ClubApplication in 3.294 seconds (process running for 3.702)
2024-09-01T16:27:32.255+09:00  INFO 11342 --- [http-nio-8080-exec-2] o.a.c.c.C.[Tomcat].[localhost].[/]       : Initializing Spring DispatcherServlet 'dispatcherServlet'
2024-09-01T16:27:32.255+09:00  INFO 11342 --- [http-nio-8080-exec-2] o.s.web.servlet.DispatcherServlet        : Initializing Servlet 'dispatcherServlet'
2024-09-01T16:27:32.256+09:00  INFO 11342 --- [http-nio-8080-exec-2] o.s.web.servlet.DispatcherServlet        : Completed initialization in 1 ms
2024-09-01T16:28:17.133+09:00  INFO 11342 --- [http-nio-8080-exec-3] fun.club.secure.service.JwtService       : Access Token, Refresh Token 헤더 설정 완료
2024-09-01T16:28:17.159+09:00  INFO 11342 --- [http-nio-8080-exec-3] f.c.secure.handler.LoginSuccessHandler   : 로그인에 성공하였습니다. 이메일 : brian507@gmail.com
2024-09-01T16:28:17.160+09:00  INFO 11342 --- [http-nio-8080-exec-3] f.c.secure.handler.LoginSuccessHandler   : 로그인에 성공하였습니다. AccessToken : eyJ0eXAiOiJKV1QiLCJhbGciOiJIUzUxMiJ9.eyJzdWIiOiJBY2Nlc3NUb2tlbiIsImV4cCI6MTcyNTE3OTI5NywiZW1haWwiOiJicmlhbjUwN0BnbWFpbC5jb20ifQ.eMtMspL1tnWFsOKNfyQ1gO82c68O98PBGVlOi8q-huOMN2-4WlGETJM0xVI6VBeg4OnjdG6rKiPe6ilw9Vk04A
2024-09-01T16:28:17.160+09:00  INFO 11342 --- [http-nio-8080-exec-3] f.c.secure.handler.LoginSuccessHandler   : 발급된 AccessToken 만료 기간 : 3600000
2024-09-01T16:29:13.195+09:00  INFO 11342 --- [http-nio-8080-exec-4] fun.club.secure.service.JwtService       : Access Token, Refresh Token 헤더 설정 완료
2024-09-01T16:29:13.208+09:00  INFO 11342 --- [http-nio-8080-exec-4] f.c.secure.handler.LoginSuccessHandler   : 로그인에 성공하였습니다. 이메일 : tory@gmail.com
2024-09-01T16:29:13.208+09:00  INFO 11342 --- [http-nio-8080-exec-4] f.c.secure.handler.LoginSuccessHandler   : 로그인에 성공하였습니다. AccessToken : eyJ0eXAiOiJKV1QiLCJhbGciOiJIUzUxMiJ9.eyJzdWIiOiJBY2Nlc3NUb2tlbiIsImV4cCI6MTcyNTE3OTM1MywiZW1haWwiOiJ0b3J5QGdtYWlsLmNvbSJ9.LFZlkpHyO386EJxIxJzU59PBcXfGQyhX0TwlRxBNBkJTjj69zHvm1OV3YKz9_uUqL0whWJu5n2qrpAzNMSmV2Q
2024-09-01T16:29:13.208+09:00  INFO 11342 --- [http-nio-8080-exec-4] f.c.secure.handler.LoginSuccessHandler   : 발급된 AccessToken 만료 기간 : 3600000
2024-09-01T16:31:15.207+09:00  INFO 11342 --- [SpringApplicationShutdownHook] j.LocalContainerEntityManagerFactoryBean : Closing JPA EntityManagerFactory for persistence unit 'default'
2024-09-01T16:31:15.209+09:00  INFO 11342 --- [SpringApplicationShutdownHook] com.zaxxer.hikari.HikariDataSource       : HikariPool-1 - Shutdown initiated...
2024-09-01T16:31:15.213+09:00  INFO 11342 --- [SpringApplicationShutdownHook] com.zaxxer.hikari.HikariDataSource       : HikariPool-1 - Shutdown completed.
2024-09-01T16:31:18.934+09:00  INFO 11365 --- [main] fun.club.ClubApplication                 : Starting ClubApplication using Java 17.0.12 with PID 11365 (/Users/brian/Downloads/club/build/classes/java/main started by brian in /Users/brian/Downloads/club)
2024-09-01T16:31:18.936+09:00  INFO 11365 --- [main] fun.club.ClubApplication                 : No active profile set, falling back to 1 default profile: "default"
2024-09-01T16:31:19.365+09:00  INFO 11365 --- [main] .s.d.r.c.RepositoryConfigurationDelegate : Multiple Spring Data modules found, entering strict repository configuration mode
2024-09-01T16:31:19.366+09:00  INFO 11365 --- [main] .s.d.r.c.RepositoryConfigurationDelegate : Bootstrapping Spring Data JDBC repositories in DEFAULT mode.
2024-09-01T16:31:19.391+09:00  INFO 11365 --- [main] .RepositoryConfigurationExtensionSupport : Spring Data JDBC - Could not safely identify store assignment for repository candidate interface fun.club.core.admin.repository.AdminUserRepository; If you want this repository to be a JDBC repository, consider annotating your entities with one of these annotations: org.springframework.data.relational.core.mapping.Table.
2024-09-01T16:31:19.392+09:00  INFO 11365 --- [main] .RepositoryConfigurationExtensionSupport : Spring Data JDBC - Could not safely identify store assignment for repository candidate interface fun.club.core.user.repository.UserRepository; If you want this repository to be a JDBC repository, consider annotating your entities with one of these annotations: org.springframework.data.relational.core.mapping.Table.
2024-09-01T16:31:19.392+09:00  INFO 11365 --- [main] .s.d.r.c.RepositoryConfigurationDelegate : Finished Spring Data repository scanning in 23 ms. Found 0 JDBC repository interfaces.
2024-09-01T16:31:19.400+09:00  INFO 11365 --- [main] .s.d.r.c.RepositoryConfigurationDelegate : Multiple Spring Data modules found, entering strict repository configuration mode
2024-09-01T16:31:19.400+09:00  INFO 11365 --- [main] .s.d.r.c.RepositoryConfigurationDelegate : Bootstrapping Spring Data JPA repositories in DEFAULT mode.
2024-09-01T16:31:19.426+09:00  INFO 11365 --- [main] .s.d.r.c.RepositoryConfigurationDelegate : Finished Spring Data repository scanning in 23 ms. Found 2 JPA repository interfaces.
2024-09-01T16:31:19.766+09:00  INFO 11365 --- [main] o.s.b.w.embedded.tomcat.TomcatWebServer  : Tomcat initialized with port 8080 (http)
2024-09-01T16:31:19.774+09:00  INFO 11365 --- [main] o.apache.catalina.core.StandardService   : Starting service [Tomcat]
2024-09-01T16:31:19.774+09:00  INFO 11365 --- [main] o.apache.catalina.core.StandardEngine    : Starting Servlet engine: [Apache Tomcat/10.1.26]
2024-09-01T16:31:19.808+09:00  INFO 11365 --- [main] o.a.c.c.C.[Tomcat].[localhost].[/]       : Initializing Spring embedded WebApplicationContext
2024-09-01T16:31:19.808+09:00  INFO 11365 --- [main] w.s.c.ServletWebServerApplicationContext : Root WebApplicationContext: initialization completed in 850 ms
2024-09-01T16:31:19.884+09:00  INFO 11365 --- [main] o.hibernate.jpa.internal.util.LogHelper  : HHH000204: Processing PersistenceUnitInfo [name: default]
2024-09-01T16:31:19.918+09:00  INFO 11365 --- [main] org.hibernate.Version                    : HHH000412: Hibernate ORM core version 6.5.2.Final
2024-09-01T16:31:19.938+09:00  INFO 11365 --- [main] o.h.c.internal.RegionFactoryInitiator    : HHH000026: Second-level cache disabled
2024-09-01T16:31:20.145+09:00  INFO 11365 --- [main] o.s.o.j.p.SpringPersistenceUnitInfo      : No LoadTimeWeaver setup: ignoring JPA class transformer
2024-09-01T16:31:20.162+09:00  INFO 11365 --- [main] com.zaxxer.hikari.HikariDataSource       : HikariPool-1 - Starting...
2024-09-01T16:31:20.354+09:00  INFO 11365 --- [main] com.zaxxer.hikari.pool.HikariPool        : HikariPool-1 - Added connection com.mysql.cj.jdbc.ConnectionImpl@7c4ca87c
2024-09-01T16:31:20.355+09:00  INFO 11365 --- [main] com.zaxxer.hikari.HikariDataSource       : HikariPool-1 - Start completed.
2024-09-01T16:31:20.390+09:00  WARN 11365 --- [main] org.hibernate.orm.deprecation            : HHH90000025: MySQLDialect does not need to be specified explicitly using 'hibernate.dialect' (remove the property setting and it will be selected by default)
2024-09-01T16:31:21.090+09:00  INFO 11365 --- [main] o.h.e.t.j.p.i.JtaPlatformInitiator       : HHH000489: No JTA platform available (set 'hibernate.transaction.jta.platform' to enable JTA platform integration)
2024-09-01T16:31:21.175+09:00  INFO 11365 --- [main] j.LocalContainerEntityManagerFactoryBean : Initialized JPA EntityManagerFactory for persistence unit 'default'
2024-09-01T16:31:21.479+09:00  WARN 11365 --- [main] JpaBaseConfiguration$JpaWebConfiguration : spring.jpa.open-in-view is enabled by default. Therefore, database queries may be performed during view rendering. Explicitly configure spring.jpa.open-in-view to disable this warning
2024-09-01T16:31:21.492+09:00  INFO 11365 --- [main] r$InitializeUserDetailsManagerConfigurer : Global AuthenticationManager configured with UserDetailsService bean with name loginService
2024-09-01T16:31:21.812+09:00  INFO 11365 --- [main] o.s.b.w.embedded.tomcat.TomcatWebServer  : Tomcat started on port 8080 (http) with context path '/'
2024-09-01T16:31:21.820+09:00  INFO 11365 --- [main] fun.club.ClubApplication                 : Started ClubApplication in 3.143 seconds (process running for 3.446)
2024-09-01T16:31:34.864+09:00  INFO 11365 --- [http-nio-8080-exec-2] o.a.c.c.C.[Tomcat].[localhost].[/]       : Initializing Spring DispatcherServlet 'dispatcherServlet'
2024-09-01T16:31:34.865+09:00  INFO 11365 --- [http-nio-8080-exec-2] o.s.web.servlet.DispatcherServlet        : Initializing Servlet 'dispatcherServlet'
2024-09-01T16:31:34.866+09:00  INFO 11365 --- [http-nio-8080-exec-2] o.s.web.servlet.DispatcherServlet        : Completed initialization in 1 ms
2024-09-01T16:31:35.339+09:00  INFO 11365 --- [http-nio-8080-exec-2] fun.club.secure.service.JwtService       : Access Token, Refresh Token 헤더 설정 완료
2024-09-01T16:31:35.389+09:00  INFO 11365 --- [http-nio-8080-exec-2] f.c.secure.handler.LoginSuccessHandler   : 로그인에 성공하였습니다. 이메일 : tory@gmail.com
2024-09-01T16:31:35.389+09:00  INFO 11365 --- [http-nio-8080-exec-2] f.c.secure.handler.LoginSuccessHandler   : 로그인에 성공하였습니다. AccessToken : eyJ0eXAiOiJKV1QiLCJhbGciOiJIUzUxMiJ9.eyJzdWIiOiJBY2Nlc3NUb2tlbiIsImV4cCI6MTcyNTE3OTQ5NSwiZW1haWwiOiJ0b3J5QGdtYWlsLmNvbSJ9.3dkhtTdOimnvk8FnLfjMejD4O_YpEBWyQqIUUdjEsb-lTuexMqTAeKpmZqnEZ9rIaDxyxBvpze9keZTHm5s7NQ
2024-09-01T16:31:35.389+09:00  INFO 11365 --- [http-nio-8080-exec-2] f.c.secure.handler.LoginSuccessHandler   : 발급된 AccessToken 만료 기간 : 3600000
2024-09-01T16:31:56.583+09:00 ERROR 11365 --- [http-nio-8080-exec-3] fun.club.secure.service.JwtService       : 유효하지 않은 토큰입니다. The input is not a valid base 64 encoded string.
2024-09-01T16:32:20.079+09:00  INFO 11365 --- [SpringApplicationShutdownHook] j.LocalContainerEntityManagerFactoryBean : Closing JPA EntityManagerFactory for persistence unit 'default'
2024-09-01T16:32:20.080+09:00  INFO 11365 --- [SpringApplicationShutdownHook] com.zaxxer.hikari.HikariDataSource       : HikariPool-1 - Shutdown initiated...
2024-09-01T16:32:20.084+09:00  INFO 11365 --- [SpringApplicationShutdownHook] com.zaxxer.hikari.HikariDataSource       : HikariPool-1 - Shutdown completed.
